<?xml version="1.0" encoding="utf-8"?>
<TestRun id="0e5d6e9f-d78a-4b65-98a5-b4f89db8edb5" name="Usuario@LUISMORALES 2025-09-25 17:55:32" runUser="LUISMORALES\Usuario" xmlns="http://microsoft.com/schemas/VisualStudio/TeamTest/2010">
  <Times creation="2025-09-25T17:55:33.0102166-05:00" queuing="2025-09-25T17:55:33.0102174-05:00" start="2025-09-25T17:55:30.5944026-05:00" finish="2025-09-25T17:55:33.0119151-05:00" />
  <TestSettings name="default" id="036b1bcc-49be-4cb4-bed7-0a16334b66b6">
    <Deployment runDeploymentRoot="Usuario_LUISMORALES_2025-09-25_17_55_32" />
  </TestSettings>
  <TestLists>
    <TestList name="Resultados sin formato de lista" id="8c84fa94-04c1-424b-9868-57a2d4851a1d" />
    <TestList name="Todos los resultados cargados" id="19431567-8539-422a-85d7-44ee4e166bda" />
  </TestLists>
  <ResultSummary outcome="Completed">
    <Counters total="0" executed="0" passed="0" failed="0" error="0" timeout="0" aborted="0" inconclusive="0" passedButRunAborted="0" notRunnable="0" notExecuted="0" disconnected="0" warning="0" completed="0" inProgress="0" pending="0" />
    <Output>
      <StdOut>[xUnit.net 00:00:00.00] xUnit.net VSTest Adapter v2.5.3.1+6b60a9e56a (64-bit .NET 8.0.15)&#xD;
[xUnit.net 00:00:00.21]   Discovering: EPS.Tests&#xD;
[xUnit.net 00:00:00.32]   Discovered:  EPS.Tests&#xD;
[xUnit.net 00:00:00.34]   Starting:    EPS.Tests&#xD;
[xUnit.net 00:00:00.39]   Finished:    EPS.Tests&#xD;
</StdOut>
    </Output>
    <RunInfos>
      <RunInfo computerName="LUISMORALES" outcome="Warning" timestamp="2025-09-25T17:55:32.7622852-05:00">
        <Text>Ninguna prueba coincide con el filtro de casos de prueba proporcionado "TestCategory=BusinessLogic" en C:\EPS_v2\Tests\EPS.Tests\bin\Debug\net8.0\EPS.Tests.dll</Text>
      </RunInfo>
    </RunInfos>
  </ResultSummary>
</TestRun>